#
# There is insufficient memory for the Java Runtime Environment to continue.
# Native memory allocation (malloc) failed to allocate 1737696 bytes for Chunk::new
# Possible reasons:
#   The system is out of physical RAM or swap space
#   In 32 bit mode, the process size limit was hit
# Possible solutions:
#   Reduce memory load on the system
#   Increase physical memory or swap space
#   Check if swap backing store is full
#   Use 64 bit Java on a 64 bit OS
#   Decrease Java heap size (-Xmx/-Xms)
#   Decrease number of Java threads
#   Decrease Java thread stack sizes (-Xss)
#   Set larger code cache with -XX:ReservedCodeCacheSize=
# This output file may be truncated or incomplete.
#
#  Out of Memory Error (allocation.cpp:390), pid=16420, tid=16144
#
# JRE version: Java(TM) SE Runtime Environment (8.0_40-b26) (build 1.8.0_40-b26)
# Java VM: Java HotSpot(TM) 64-Bit Server VM (25.40-b25 mixed mode windows-amd64 compressed oops)
# Failed to write core dump. Minidumps are not enabled by default on client versions of Windows
#

---------------  T H R E A D  ---------------

Current thread (0x0000000015248000):  JavaThread "C2 CompilerThread0" daemon [_thread_in_native, id=16144, stack(0x0000000016b90000,0x0000000016c90000)]

Stack: [0x0000000016b90000,0x0000000016c90000]
Native frames: (J=compiled Java code, j=interpreted, Vv=VM code, C=native code)
V  [jvm.dll+0x32b47a]


Current CompileTask:
C2:  12643 2400       4       com.jme3.scene.plugins.ogre.MeshLoader::startElement (677 bytes)


---------------  P R O C E S S  ---------------

Java Threads: ( => current thread )
  0x00000000176d5800 JavaThread "Timer-0" [_thread_blocked, id=4648, stack(0x000000001c310000,0x000000001c410000)]
  0x00000000176d8000 JavaThread "jME3 Audio Thread" daemon [_thread_blocked, id=12936, stack(0x0000000018770000,0x0000000018870000)]
  0x00000000176d6800 JavaThread "DestroyJavaVM" [_thread_blocked, id=10604, stack(0x00000000026e0000,0x00000000027e0000)]
  0x00000000176d7000 JavaThread "LWJGL Renderer Thread" [_thread_in_Java, id=6372, stack(0x0000000018dc0000,0x0000000018ec0000)]
  0x000000001767c000 JavaThread "AWT-EventQueue-0" [_thread_blocked, id=14960, stack(0x00000000188c0000,0x00000000189c0000)]
  0x000000001760a000 JavaThread "AWT-Windows" daemon [_thread_in_native, id=4272, stack(0x0000000017e00000,0x0000000017f00000)]
  0x0000000017607000 JavaThread "AWT-Shutdown" [_thread_blocked, id=10612, stack(0x0000000017d00000,0x0000000017e00000)]
  0x00000000168b4800 JavaThread "Java2D Disposer" daemon [_thread_blocked, id=12156, stack(0x0000000017c00000,0x0000000017d00000)]
  0x000000001528e000 JavaThread "Service Thread" daemon [_thread_blocked, id=8640, stack(0x0000000016e90000,0x0000000016f90000)]
  0x0000000015250800 JavaThread "C1 CompilerThread2" daemon [_thread_blocked, id=14732, stack(0x0000000016d90000,0x0000000016e90000)]
  0x000000001524d000 JavaThread "C2 CompilerThread1" daemon [_thread_in_native, id=11620, stack(0x0000000016c90000,0x0000000016d90000)]
=>0x0000000015248000 JavaThread "C2 CompilerThread0" daemon [_thread_in_native, id=16144, stack(0x0000000016b90000,0x0000000016c90000)]
  0x000000001523e800 JavaThread "Attach Listener" daemon [_thread_blocked, id=9336, stack(0x0000000016a90000,0x0000000016b90000)]
  0x000000001523d800 JavaThread "Signal Dispatcher" daemon [_thread_blocked, id=11440, stack(0x0000000016990000,0x0000000016a90000)]
  0x0000000002c28800 JavaThread "Finalizer" daemon [_thread_blocked, id=12388, stack(0x0000000016490000,0x0000000016590000)]
  0x0000000002c1f800 JavaThread "Reference Handler" daemon [_thread_blocked, id=15044, stack(0x0000000016390000,0x0000000016490000)]

Other Threads:
  0x00000000151f7000 VMThread [stack: 0x0000000016290000,0x0000000016390000] [id=4408]
  0x0000000016616000 WatcherThread [stack: 0x0000000016f90000,0x0000000017090000] [id=4384]

VM state:not at safepoint (normal execution)

VM Mutex/Monitor currently owned by a thread: None

Heap:
 PSYoungGen      total 125952K, used 60933K [0x00000000eb200000, 0x00000000f3c00000, 0x0000000100000000)
  eden space 124416K, 48% used [0x00000000eb200000,0x00000000eec72578,0x00000000f2b80000)
  from space 1536K, 70% used [0x00000000f3a80000,0x00000000f3b8f0a8,0x00000000f3c00000)
  to   space 8192K, 0% used [0x00000000f2c00000,0x00000000f2c00000,0x00000000f3400000)
 ParOldGen       total 96768K, used 33091K [0x00000000c1600000, 0x00000000c7480000, 0x00000000eb200000)
  object space 96768K, 34% used [0x00000000c1600000,0x00000000c3650d28,0x00000000c7480000)
 Metaspace       used 17677K, capacity 17942K, committed 18176K, reserved 1064960K
  class space    used 1862K, capacity 1965K, committed 2048K, reserved 1048576K

Card table byte_map: [0x0000000011ff0000,0x00000000121f0000] byte_map_base: 0x00000000119e5000

Marking Bits: (ParMarkBitMap*) 0x0000000065304040
 Begin Bits: [0x0000000012740000, 0x00000000136e8000)
 End Bits:   [0x00000000136e8000, 0x0000000014690000)

Polling page: 0x0000000000df0000

CodeCache: size=245760Kb used=8343Kb max_used=8343Kb free=237416Kb
 bounds [0x0000000002c30000, 0x0000000003460000, 0x0000000011c30000]
 total_blobs=3098 nmethods=2474 adapters=536
 compilation: enabled

Compilation events (10 events):
Event: 12.623 Thread 0x0000000015250800 2502       2       com.bulletphysics.collision.shapes.QuantizedBvhNodes::set (77 bytes)
Event: 12.623 Thread 0x0000000015250800 nmethod 2502 0x0000000003453c10 code [0x0000000003453d80, 0x0000000003453fd0]
Event: 12.623 Thread 0x0000000015250800 2504       2       com.bulletphysics.collision.shapes.OptimizedBvh::setInternalNodeAabbMax (42 bytes)
Event: 12.624 Thread 0x0000000015250800 nmethod 2504 0x0000000003454250 code [0x00000000034543e0, 0x0000000003454718]
Event: 12.624 Thread 0x0000000015250800 2507       2       com.bulletphysics.linearmath.VectorUtil::maxAxis (55 bytes)
Event: 12.624 Thread 0x0000000015250800 nmethod 2507 0x0000000003454ad0 code [0x0000000003454c40, 0x0000000003454df0]
Event: 12.624 Thread 0x0000000015250800 2505       2       com.bulletphysics.collision.shapes.OptimizedBvh::setInternalNodeAabbMin (42 bytes)
Event: 12.625 Thread 0x0000000015250800 nmethod 2505 0x0000000003454e90 code [0x0000000003455020, 0x0000000003455358]
Event: 12.625 Thread 0x0000000015250800 2506       2       com.bulletphysics.collision.shapes.OptimizedBvh::setInternalNodeEscapeIndex (36 bytes)
Event: 12.625 Thread 0x0000000015250800 nmethod 2506 0x00000000034556d0 code [0x0000000003455840, 0x0000000003455ab0]

GC Heap History (10 events):
Event: 5.162 GC heap before
{Heap before GC invocations=5 (full 0):
 PSYoungGen      total 35328K, used 34386K [0x00000000eb200000, 0x00000000ed700000, 0x0000000100000000)
  eden space 32768K, 100% used [0x00000000eb200000,0x00000000ed200000,0x00000000ed200000)
  from space 2560K, 63% used [0x00000000ed480000,0x00000000ed614a20,0x00000000ed700000)
  to   space 2560K, 0% used [0x00000000ed200000,0x00000000ed200000,0x00000000ed480000)
 ParOldGen       total 97280K, used 88178K [0x00000000c1600000, 0x00000000c7500000, 0x00000000eb200000)
  object space 97280K, 90% used [0x00000000c1600000,0x00000000c6c1c860,0x00000000c7500000)
 Metaspace       used 14480K, capacity 14742K, committed 14976K, reserved 1062912K
  class space    used 1554K, capacity 1645K, committed 1664K, reserved 1048576K
Event: 5.165 GC heap after
Heap after GC invocations=5 (full 0):
 PSYoungGen      total 35328K, used 1794K [0x00000000eb200000, 0x00000000f0400000, 0x0000000100000000)
  eden space 32768K, 0% used [0x00000000eb200000,0x00000000eb200000,0x00000000ed200000)
  from space 2560K, 70% used [0x00000000ed200000,0x00000000ed3c0a10,0x00000000ed480000)
  to   space 9216K, 0% used [0x00000000efb00000,0x00000000efb00000,0x00000000f0400000)
 ParOldGen       total 97280K, used 88178K [0x00000000c1600000, 0x00000000c7500000, 0x00000000eb200000)
  object space 97280K, 90% used [0x00000000c1600000,0x00000000c6c1c860,0x00000000c7500000)
 Metaspace       used 14480K, capacity 14742K, committed 14976K, reserved 1062912K
  class space    used 1554K, capacity 1645K, committed 1664K, reserved 1048576K
}
Event: 5.394 GC heap before
{Heap before GC invocations=6 (full 0):
 PSYoungGen      total 35328K, used 34562K [0x00000000eb200000, 0x00000000f0400000, 0x0000000100000000)
  eden space 32768K, 100% used [0x00000000eb200000,0x00000000ed200000,0x00000000ed200000)
  from space 2560K, 70% used [0x00000000ed200000,0x00000000ed3c0a10,0x00000000ed480000)
  to   space 9216K, 0% used [0x00000000efb00000,0x00000000efb00000,0x00000000f0400000)
 ParOldGen       total 123904K, used 114545K [0x00000000c1600000, 0x00000000c8f00000, 0x00000000eb200000)
  object space 123904K, 92% used [0x00000000c1600000,0x00000000c85dc530,0x00000000c8f00000)
 Metaspace       used 14481K, capacity 14742K, committed 14976K, reserved 1062912K
  class space    used 1554K, capacity 1645K, committed 1664K, reserved 1048576K
Event: 5.398 GC heap after
Heap after GC invocations=6 (full 0):
 PSYoungGen      total 73728K, used 2162K [0x00000000eb200000, 0x00000000f0300000, 0x0000000100000000)
  eden space 65536K, 0% used [0x00000000eb200000,0x00000000eb200000,0x00000000ef200000)
  from space 8192K, 26% used [0x00000000efb00000,0x00000000efd1ca20,0x00000000f0300000)
  to   space 8704K, 0% used [0x00000000ef200000,0x00000000ef200000,0x00000000efa80000)
 ParOldGen       total 123904K, used 114545K [0x00000000c1600000, 0x00000000c8f00000, 0x00000000eb200000)
  object space 123904K, 92% used [0x00000000c1600000,0x00000000c85dc530,0x00000000c8f00000)
 Metaspace       used 14481K, capacity 14742K, committed 14976K, reserved 1062912K
  class space    used 1554K, capacity 1645K, committed 1664K, reserved 1048576K
}
Event: 5.659 GC heap before
{Heap before GC invocations=7 (full 0):
 PSYoungGen      total 73728K, used 67698K [0x00000000eb200000, 0x00000000f0300000, 0x0000000100000000)
  eden space 65536K, 100% used [0x00000000eb200000,0x00000000ef200000,0x00000000ef200000)
  from space 8192K, 26% used [0x00000000efb00000,0x00000000efd1ca20,0x00000000f0300000)
  to   space 8704K, 0% used [0x00000000ef200000,0x00000000ef200000,0x00000000efa80000)
 ParOldGen       total 123904K, used 114545K [0x00000000c1600000, 0x00000000c8f00000, 0x00000000eb200000)
  object space 123904K, 92% used [0x00000000c1600000,0x00000000c85dc530,0x00000000c8f00000)
 Metaspace       used 14481K, capacity 14742K, committed 14976K, reserved 1062912K
  class space    used 1554K, capacity 1645K, committed 1664K, reserved 1048576K
Event: 5.723 GC heap after
Heap after GC invocations=7 (full 0):
 PSYoungGen      total 74240K, used 1216K [0x00000000eb200000, 0x00000000f4300000, 0x0000000100000000)
  eden space 65536K, 0% used [0x00000000eb200000,0x00000000eb200000,0x00000000ef200000)
  from space 8704K, 13% used [0x00000000ef200000,0x00000000ef330000,0x00000000efa80000)
  to   space 8704K, 0% used [0x00000000f3a80000,0x00000000f3a80000,0x00000000f4300000)
 ParOldGen       total 203776K, used 194981K [0x00000000c1600000, 0x00000000cdd00000, 0x00000000eb200000)
  object space 203776K, 95% used [0x00000000c1600000,0x00000000cd4694b8,0x00000000cdd00000)
 Metaspace       used 14481K, capacity 14742K, committed 14976K, reserved 1062912K
  class space    used 1554K, capacity 1645K, committed 1664K, reserved 1048576K
}
Event: 5.723 GC heap before
{Heap before GC invocations=8 (full 1):
 PSYoungGen      total 74240K, used 1216K [0x00000000eb200000, 0x00000000f4300000, 0x0000000100000000)
  eden space 65536K, 0% used [0x00000000eb200000,0x00000000eb200000,0x00000000ef200000)
  from space 8704K, 13% used [0x00000000ef200000,0x00000000ef330000,0x00000000efa80000)
  to   space 8704K, 0% used [0x00000000f3a80000,0x00000000f3a80000,0x00000000f4300000)
 ParOldGen       total 203776K, used 194981K [0x00000000c1600000, 0x00000000cdd00000, 0x00000000eb200000)
  object space 203776K, 95% used [0x00000000c1600000,0x00000000cd4694b8,0x00000000cdd00000)
 Metaspace       used 14481K, capacity 14742K, committed 14976K, reserved 1062912K
  class space    used 1554K, capacity 1645K, committed 1664K, reserved 1048576K
Event: 5.774 GC heap after
Heap after GC invocations=8 (full 1):
 PSYoungGen      total 74240K, used 0K [0x00000000eb200000, 0x00000000f4300000, 0x0000000100000000)
  eden space 65536K, 0% used [0x00000000eb200000,0x00000000eb200000,0x00000000ef200000)
  from space 8704K, 0% used [0x00000000ef200000,0x00000000ef200000,0x00000000efa80000)
  to   space 8704K, 0% used [0x00000000f3a80000,0x00000000f3a80000,0x00000000f4300000)
 ParOldGen       total 96768K, used 33083K [0x00000000c1600000, 0x00000000c7480000, 0x00000000eb200000)
  object space 96768K, 34% used [0x00000000c1600000,0x00000000c364ed28,0x00000000c7480000)
 Metaspace       used 14481K, capacity 14742K, committed 14976K, reserved 1062912K
  class space    used 1554K, capacity 1645K, committed 1664K, reserved 1048576K
}
Event: 8.160 GC heap before
{Heap before GC invocations=9 (full 1):
 PSYoungGen      total 74240K, used 64894K [0x00000000eb200000, 0x00000000f4300000, 0x0000000100000000)
  eden space 65536K, 99% used [0x00000000eb200000,0x00000000ef15fb68,0x00000000ef200000)
  from space 8704K, 0% used [0x00000000ef200000,0x00000000ef200000,0x00000000efa80000)
  to   space 8704K, 0% used [0x00000000f3a80000,0x00000000f3a80000,0x00000000f4300000)
 ParOldGen       total 96768K, used 33083K [0x00000000c1600000, 0x00000000c7480000, 0x00000000eb200000)
  object space 96768K, 34% used [0x00000000c1600000,0x00000000c364ed28,0x00000000c7480000)
 Metaspace       used 15180K, capacity 15478K, committed 15616K, reserved 1062912K
  class space    used 1590K, capacity 1677K, committed 1792K, reserved 1048576K
Event: 8.162 GC heap after
Heap after GC invocations=9 (full 1):
 PSYoungGen      total 125952K, used 1084K [0x00000000eb200000, 0x00000000f3c00000, 0x0000000100000000)
  eden space 124416K, 0% used [0x00000000eb200000,0x00000000eb200000,0x00000000f2b80000)
  from space 1536K, 70% used [0x00000000f3a80000,0x00000000f3b8f0a8,0x00000000f3c00000)
  to   space 8192K, 0% used [0x00000000f2c00000,0x00000000f2c00000,0x00000000f3400000)
 ParOldGen       total 96768K, used 33091K [0x00000000c1600000, 0x00000000c7480000, 0x00000000eb200000)
  object space 96768K, 34% used [0x00000000c1600000,0x00000000c3650d28,0x00000000c7480000)
 Metaspace       used 15180K, capacity 15478K, committed 15616K, reserved 1062912K
  class space    used 1590K, capacity 1677K, committed 1792K, reserved 1048576K
}

Deoptimization events (10 events):
Event: 12.513 Thread 0x00000000176d7000 Uncommon trap: reason=unstable_if action=reinterpret pc=0x000000000342317c method=com.jme3.scene.plugins.ogre.MeshLoader.endElement(Ljava/lang/String;Ljava/lang/String;Ljava/lang/String;)V @ 64
Event: 12.513 Thread 0x00000000176d7000 Uncommon trap: reason=class_check action=maybe_recompile pc=0x00000000033c1ae8 method=com.sun.org.apache.xerces.internal.impl.XMLDocumentScannerImpl.next()I @ 4
Event: 12.513 Thread 0x00000000176d7000 Uncommon trap: reason=unstable_if action=reinterpret pc=0x00000000033f3934 method=com.sun.org.apache.xerces.internal.impl.XMLEntityScanner.skipSpaces()Z @ 75
Event: 12.513 Thread 0x00000000176d7000 Uncommon trap: reason=unstable_if action=reinterpret pc=0x00000000033ff89c method=com.sun.org.apache.xerces.internal.util.AugmentationsImpl$SmallContainer.clear()V @ 9
Event: 12.515 Thread 0x00000000176d7000 Uncommon trap: reason=class_check action=maybe_recompile pc=0x000000000341f804 method=com.sun.org.apache.xerces.internal.parsers.AbstractSAXParser.startElement(Lcom/sun/org/apache/xerces/internal/xni/QName;Lcom/sun/org/apache/xerces/internal/xni/XMLAttribuañÿž¥)@
Event: 12.515 Thread 0x00000000176d7000 Uncommon trap: reason=class_check action=maybe_recompile pc=0x000000000341f804 method=com.sun.org.apache.xerces.internal.parsers.AbstractSAXParser.startElement(Lcom/sun/org/apache/xerces/internal/xni/QName;Lcom/sun/org/apache/xerces/internal/xni/XMLAttribuóqº¦ª)@
Event: 12.515 Thread 0x00000000176d7000 Uncommon trap: reason=class_check action=maybe_recompile pc=0x000000000341f804 method=com.sun.org.apache.xerces.internal.parsers.AbstractSAXParser.startElement(Lcom/sun/org/apache/xerces/internal/xni/QName;Lcom/sun/org/apache/xerces/internal/xni/XMLAttribuœ©`Û¯)@
Event: 12.515 Thread 0x00000000176d7000 Uncommon trap: reason=class_check action=maybe_recompile pc=0x000000000341f804 method=com.sun.org.apache.xerces.internal.parsers.AbstractSAXParser.startElement(Lcom/sun/org/apache/xerces/internal/xni/QName;Lcom/sun/org/apache/xerces/internal/xni/XMLAttribuZaÄìÂ)@
Event: 12.515 Thread 0x00000000176d7000 Uncommon trap: reason=class_check action=maybe_recompile pc=0x00000000033c1ae8 method=com.sun.org.apache.xerces.internal.impl.XMLDocumentScannerImpl.next()I @ 4
Event: 12.524 Thread 0x00000000176d7000 Uncommon trap: reason=unstable_if action=reinterpret pc=0x00000000033fd1cc method=sun.misc.FloatingDecimal.readJavaFormatString(Ljava/lang/String;)Lsun/misc/FloatingDecimal$ASCIIToBinaryConverter; @ 178

Internal exceptions (10 events):
Event: 0.363 Thread 0x0000000002b30800 Exception <a 'java/lang/NullPointerException'> (0x00000000eb9027f8) thrown at [D:\re\workspace\8-2-build-windows-amd64-cygwin\jdk8u40\3098\hotspot\src\share\vm\interpreter\linkResolver.cpp, line 1178]
Event: 4.061 Thread 0x00000000176d8000 Exception <a 'java/security/PrivilegedActionException'> (0x00000000eb864940) thrown at [D:\re\workspace\8-2-build-windows-amd64-cygwin\jdk8u40\3098\hotspot\src\share\vm\prims\jvm.cpp, line 1382]
Event: 4.062 Thread 0x00000000176d8000 Exception <a 'java/security/PrivilegedActionException'> (0x00000000eb866440) thrown at [D:\re\workspace\8-2-build-windows-amd64-cygwin\jdk8u40\3098\hotspot\src\share\vm\prims\jvm.cpp, line 1382]
Event: 4.062 Thread 0x00000000176d8000 Exception <a 'java/security/PrivilegedActionException'> (0x00000000eb8674b0) thrown at [D:\re\workspace\8-2-build-windows-amd64-cygwin\jdk8u40\3098\hotspot\src\share\vm\prims\jvm.cpp, line 1382]
Event: 4.062 Thread 0x00000000176d8000 Exception <a 'java/security/PrivilegedActionException'> (0x00000000eb86c460) thrown at [D:\re\workspace\8-2-build-windows-amd64-cygwin\jdk8u40\3098\hotspot\src\share\vm\prims\jvm.cpp, line 1382]
Event: 4.062 Thread 0x00000000176d8000 Exception <a 'java/security/PrivilegedActionException'> (0x00000000eb86d008) thrown at [D:\re\workspace\8-2-build-windows-amd64-cygwin\jdk8u40\3098\hotspot\src\share\vm\prims\jvm.cpp, line 1382]
Event: 4.062 Thread 0x00000000176d8000 Exception <a 'java/security/PrivilegedActionException'> (0x00000000eb86db80) thrown at [D:\re\workspace\8-2-build-windows-amd64-cygwin\jdk8u40\3098\hotspot\src\share\vm\prims\jvm.cpp, line 1382]
Event: 4.062 Thread 0x00000000176d8000 Exception <a 'java/security/PrivilegedActionException'> (0x00000000eb8704a0) thrown at [D:\re\workspace\8-2-build-windows-amd64-cygwin\jdk8u40\3098\hotspot\src\share\vm\prims\jvm.cpp, line 1382]
Event: 4.062 Thread 0x00000000176d8000 Exception <a 'java/security/PrivilegedActionException'> (0x00000000eb871048) thrown at [D:\re\workspace\8-2-build-windows-amd64-cygwin\jdk8u40\3098\hotspot\src\share\vm\prims\jvm.cpp, line 1382]
Event: 4.062 Thread 0x00000000176d8000 Exception <a 'java/security/PrivilegedActionException'> (0x00000000eb871bc0) thrown at [D:\re\workspace\8-2-build-windows-amd64-cygwin\jdk8u40\3098\hotspot\src\share\vm\prims\jvm.cpp, line 1382]

Events (10 events):
Event: 12.585 loading class com/bulletphysics/collision/dispatch/CollisionObjectType
Event: 12.585 loading class com/bulletphysics/collision/dispatch/CollisionObjectType done
Event: 12.586 loading class com/jme3/bullet/objects/PhysicsGhostObject
Event: 12.586 loading class com/jme3/bullet/objects/PhysicsGhostObject done
Event: 12.587 loading class com/bulletphysics/collision/broadphase/DbvtAabbMm
Event: 12.587 loading class com/bulletphysics/collision/broadphase/DbvtAabbMm done
Event: 12.591 loading class com/bulletphysics/collision/broadphase/Dbvt$Node
Event: 12.591 loading class com/bulletphysics/collision/broadphase/Dbvt$Node done
Event: 12.592 loading class com/bulletphysics/collision/shapes/CompoundShape
Event: 12.592 loading class com/bulletphysics/collision/shapes/CompoundShape done


Dynamic libraries:
0x00007ff77fd50000 - 0x00007ff77fd87000 	D:\Java\jre\bin\javaw.exe
0x00007fff208a0000 - 0x00007fff20a4c000 	C:\Windows\SYSTEM32\ntdll.dll
0x00007fff1e2f0000 - 0x00007fff1e42a000 	C:\Windows\system32\KERNEL32.DLL
0x00007fff1df90000 - 0x00007fff1e09f000 	C:\Windows\system32\KERNELBASE.dll
0x00007fff1c800000 - 0x00007fff1c888000 	C:\Windows\system32\apphelp.dll
0x00007fff126a0000 - 0x00007fff126ef000 	C:\Windows\AppPatch\AppPatch64\AcGenral.DLL
0x00007fff20370000 - 0x00007fff20417000 	C:\Windows\system32\msvcrt.dll
0x00007fff1d9c0000 - 0x00007fff1d9eb000 	C:\Windows\SYSTEM32\SspiCli.dll
0x00007fff20590000 - 0x00007fff205e1000 	C:\Windows\system32\SHLWAPI.dll
0x00007fff1e7d0000 - 0x00007fff1e941000 	C:\Windows\system32\USER32.dll
0x00007fff201b0000 - 0x00007fff20328000 	C:\Windows\system32\ole32.dll
0x00007fff1ea00000 - 0x00007fff1fe17000 	C:\Windows\system32\SHELL32.dll
0x00007fff1d1e0000 - 0x00007fff1d1fe000 	C:\Windows\SYSTEM32\USERENV.dll
0x00007fff1e720000 - 0x00007fff1e7c5000 	C:\Windows\system32\ADVAPI32.dll
0x00007fff0fe10000 - 0x00007fff0fe2b000 	C:\Windows\SYSTEM32\MPR.dll
0x00007fff1e0f0000 - 0x00007fff1e227000 	C:\Windows\system32\RPCRT4.dll
0x00007fff20460000 - 0x00007fff204b7000 	C:\Windows\SYSTEM32\sechost.dll
0x00007fff1e4e0000 - 0x00007fff1e6b6000 	C:\Windows\SYSTEM32\combase.dll
0x00007fff20750000 - 0x00007fff20894000 	C:\Windows\system32\GDI32.dll
0x00007fff1dbe0000 - 0x00007fff1dbf4000 	C:\Windows\SYSTEM32\profapi.dll
0x00007fff1c090000 - 0x00007fff1c12f000 	C:\Windows\SYSTEM32\SHCORE.dll
0x00007fff20330000 - 0x00007fff20364000 	C:\Windows\system32\IMM32.DLL
0x00007fff205f0000 - 0x00007fff20742000 	C:\Windows\system32\MSCTF.dll
0x00007fff1b780000 - 0x00007fff1b9da000 	C:\Windows\WinSxS\amd64_microsoft.windows.common-controls_6595b64144ccf1df_6.0.9600.17031_none_6242a4b3ecbb55a1\COMCTL32.dll
0x0000000065900000 - 0x00000000659d2000 	D:\Java\jre\bin\msvcr100.dll
0x0000000064b00000 - 0x0000000065383000 	D:\Java\jre\bin\server\jvm.dll
0x00007fff15960000 - 0x00007fff15969000 	C:\Windows\SYSTEM32\WSOCK32.dll
0x00007fff16d50000 - 0x00007fff16d6f000 	C:\Windows\SYSTEM32\WINMM.dll
0x00007fff15880000 - 0x00007fff1588a000 	C:\Windows\SYSTEM32\VERSION.dll
0x00007fff20440000 - 0x00007fff20447000 	C:\Windows\system32\PSAPI.DLL
0x00007fff1e6c0000 - 0x00007fff1e718000 	C:\Windows\system32\WS2_32.dll
0x00007fff16d20000 - 0x00007fff16d4a000 	C:\Windows\SYSTEM32\WINMMBASE.dll
0x00007fff201a0000 - 0x00007fff201a9000 	C:\Windows\system32\NSI.dll
0x00007fff1dcb0000 - 0x00007fff1dcfa000 	C:\Windows\SYSTEM32\cfgmgr32.dll
0x00007fff1ca50000 - 0x00007fff1ca76000 	C:\Windows\SYSTEM32\DEVOBJ.dll
0x0000000065cd0000 - 0x0000000065cdf000 	D:\Java\jre\bin\verify.dll
0x0000000065ca0000 - 0x0000000065cc9000 	D:\Java\jre\bin\java.dll
0x0000000065c80000 - 0x0000000065c96000 	D:\Java\jre\bin\zip.dll
0x0000000064960000 - 0x0000000064af8000 	D:\Java\JRE\bin\awt.dll
0x00007fff204c0000 - 0x00007fff20581000 	C:\Windows\system32\OLEAUT32.dll
0x00007fff1c920000 - 0x00007fff1ca41000 	C:\Windows\system32\uxtheme.dll
0x00007fff199a0000 - 0x00007fff19a38000 	C:\Program Files\Common Files\microsoft shared\ink\tiptsf.dll
0x00007fff1bec0000 - 0x00007fff1bee0000 	C:\Windows\system32\dwmapi.dll
0x00007fff1caa0000 - 0x00007fff1caaa000 	C:\Windows\SYSTEM32\kernel.appcore.dll
0x00007fff1db50000 - 0x00007fff1db5a000 	C:\Windows\SYSTEM32\CRYPTBASE.dll
0x00007fff1d9f0000 - 0x00007fff1da50000 	C:\Windows\SYSTEM32\bcryptPrimitives.dll
0x0000000065bc0000 - 0x0000000065c07000 	D:\Java\JRE\bin\fontmanager.dll
0x00007fff1e950000 - 0x00007fff1e9f4000 	C:\Windows\SYSTEM32\clbcatq.dll
0x00007fff19670000 - 0x00007fff196d3000 	C:\Windows\SYSTEM32\oleacc.dll
0x0000000065b80000 - 0x0000000065bb1000 	D:\Java\JRE\bin\jpeg.dll
0x0000000180000000 - 0x0000000180050000 	D:\workspace\Trinity2\lwjgl64.dll
0x00007fff09f70000 - 0x00007fff0a091000 	C:\Windows\SYSTEM32\OPENGL32.dll
0x00007fff1c500000 - 0x00007fff1c52c000 	C:\Windows\SYSTEM32\GLU32.dll
0x00007fff0d830000 - 0x00007fff0d924000 	C:\Windows\SYSTEM32\DDRAW.dll
0x00007fff1c3a0000 - 0x00007fff1c3a9000 	C:\Windows\SYSTEM32\DCIMAN32.dll
0x000000001b490000 - 0x000000001bc1e000 	C:\Windows\SYSTEM32\ig75icd64.dll
0x00007fff18fd0000 - 0x00007fff19410000 	C:\Windows\SYSTEM32\igdusc64.dll
0x00007fff0ec20000 - 0x00007fff0ecad000 	C:\Windows\SYSTEM32\mscms.dll
0x00007fff0eb30000 - 0x00007fff0eb71000 	C:\Windows\SYSTEM32\icm32.dll
0x00007fff1db80000 - 0x00007fff1dbc5000 	C:\Windows\SYSTEM32\powrprof.dll
0x000000001e3d0000 - 0x000000001e434000 	D:\workspace\Trinity2\OpenAL64.dll
0x00007fff1a170000 - 0x00007fff1a1d2000 	C:\Windows\System32\MMDevApi.dll
0x00007fff0e840000 - 0x00007fff0e8c7000 	C:\Windows\SYSTEM32\dsound.dll
0x00007fff152e0000 - 0x00007fff1535e000 	C:\Windows\SYSTEM32\AUDIOSES.DLL
0x0000000064920000 - 0x000000006495d000 	D:\Java\JRE\bin\lcms.dll
0x00007fff06c20000 - 0x00007fff06da8000 	C:\Windows\SYSTEM32\dbghelp.dll

VM Arguments:
jvm_args: -Dfile.encoding=GBK 
java_command: cn.edu.nju.software.Game.GameEngine
java_class_path (initial): D:\workspace\Trinity2\bin;D:\Java\JME3\lib\eventbus.jar;D:\Java\JME3\lib\gluegen-rt.jar;D:\Java\JME3\lib\jbullet.jar;D:\Java\JME3\lib\jglfont-core.jar;D:\Java\JME3\lib\jinput.jar;D:\Java\JME3\lib\jME3-blender.jar;D:\Java\JME3\lib\jME3-core.jar;D:\Java\JME3\lib\jME3-desktop.jar;D:\Java\JME3\lib\jME3-effects.jar;D:\Java\JME3\lib\jME3-jbullet.jar;D:\Java\JME3\lib\jME3-jogg.jar;D:\Java\JME3\lib\jME3-lwjgl.jar;D:\Java\JME3\lib\jME3-lwjgl-natives.jar;D:\Java\JME3\lib\jME3-networking.jar;D:\Java\JME3\lib\jME3-niftygui.jar;D:\Java\JME3\lib\jME3-openal-soft-natives-android.jar;D:\Java\JME3\lib\jME3-plugins.jar;D:\Java\JME3\lib\jME3-terrain.jar;D:\Java\JME3\lib\jME3-testdata.jar;D:\Java\JME3\lib\joal.jar;D:\Java\JME3\lib\j-ogg-oggd.jar;D:\Java\JME3\lib\j-ogg-vorbisd.jar;D:\Java\JME3\lib\jogl-all.jar;D:\Java\JME3\lib\lwjgl.jar;D:\Java\JME3\lib\nifty.jar;D:\Java\JME3\lib\nifty-default-controls.jar;D:\Java\JME3\lib\nifty-examples.jar;D:\Java\JME3\lib\nifty-style-black.jar;D:\Java\JME3\lib\stack-alloc.jar;D:\Java\JME3\lib\vecmath.jar;D:\Java\JME3\lib\xmlpull-xpp3.jar
Launcher Type: SUN_STANDARD

Environment Variables:
JAVA_HOME=D:\Java\JDK
CLASSPATH=.;D:\Java\JDK\lib;D:\Java\JDK\lib\tools.jar
PATH=D:/Java/JRE/bin/server;D:/Java/JRE/bin;D:/Java/JRE/lib/amd64;C:\ProgramData\Oracle\Java\javapath;D:\Java\JDK\bin;D:\Java\JDK\jre\bin;C:\Program Files\Microsoft SQL Server\110\Tools\Binn\;C:\Program Files (x86)\Microsoft SDKs\TypeScript\1.0\;D:\eclipse;
USERNAME=SONY
OS=Windows_NT
PROCESSOR_IDENTIFIER=Intel64 Family 6 Model 69 Stepping 1, GenuineIntel



---------------  S Y S T E M  ---------------

OS: Windows 8.1 , 64 bit Build 9600 (6.3.9600.17056)

CPU:total 4 (2 cores per cpu, 2 threads per core) family 6 model 69 stepping 1, cmov, cx8, fxsr, mmx, sse, sse2, sse3, ssse3, sse4.1, sse4.2, popcnt, avx, avx2, aes, clmul, erms, lzcnt, ht, tsc, tscinvbit, bmi1, bmi2

Memory: 4k page, physical 4097428k(202668k free), swap 16680340k(5084k free)

vm_info: Java HotSpot(TM) 64-Bit Server VM (25.40-b25) for windows-amd64 JRE (1.8.0_40-b26), built on Mar  7 2015 13:51:59 by "java_re" with MS VC++ 10.0 (VS2010)

time: Sat May 16 19:04:56 2015
elapsed time: 12 seconds (0d 0h 0m 12s)

